2022-08-16 17:34:33.690  INFO 24880 --- [restartedMain] edu.bjtu.community.App                   : Starting App on DESKTOP-U5KJ113 with PID 24880 (F:\NowCoder\target\classes started by lzy in F:\NowCoder)
2022-08-16 17:34:33.693 DEBUG 24880 --- [restartedMain] edu.bjtu.community.App                   : Running with Spring Boot v2.3.12.RELEASE, Spring v5.2.15.RELEASE
2022-08-16 17:34:33.694  INFO 24880 --- [restartedMain] edu.bjtu.community.App                   : No active profile set, falling back to default profiles: default
2022-08-16 17:34:33.721  INFO 24880 --- [restartedMain] .e.DevToolsPropertyDefaultsPostProcessor : Devtools property defaults active! Set 'spring.devtools.add-properties' to 'false' to disable
2022-08-16 17:34:33.722  INFO 24880 --- [restartedMain] .e.DevToolsPropertyDefaultsPostProcessor : For additional web related logging consider setting the 'logging.level.web' property to 'DEBUG'
2022-08-16 17:34:34.211  INFO 24880 --- [restartedMain] .s.d.r.c.RepositoryConfigurationDelegate : Multiple Spring Data modules found, entering strict repository configuration mode!
2022-08-16 17:34:34.212  INFO 24880 --- [restartedMain] .s.d.r.c.RepositoryConfigurationDelegate : Bootstrapping Spring Data Elasticsearch repositories in DEFAULT mode.
2022-08-16 17:34:34.257  INFO 24880 --- [restartedMain] .s.d.r.c.RepositoryConfigurationDelegate : Finished Spring Data repository scanning in 38ms. Found 1 Elasticsearch repository interfaces.
2022-08-16 17:34:34.259  INFO 24880 --- [restartedMain] .s.d.r.c.RepositoryConfigurationDelegate : Multiple Spring Data modules found, entering strict repository configuration mode!
2022-08-16 17:34:34.260  INFO 24880 --- [restartedMain] .s.d.r.c.RepositoryConfigurationDelegate : Bootstrapping Spring Data Reactive Elasticsearch repositories in DEFAULT mode.
2022-08-16 17:34:34.264  INFO 24880 --- [restartedMain] .s.d.r.c.RepositoryConfigurationDelegate : Finished Spring Data repository scanning in 4ms. Found 0 Reactive Elasticsearch repository interfaces.
2022-08-16 17:34:34.273  INFO 24880 --- [restartedMain] .s.d.r.c.RepositoryConfigurationDelegate : Multiple Spring Data modules found, entering strict repository configuration mode!
2022-08-16 17:34:34.274  INFO 24880 --- [restartedMain] .s.d.r.c.RepositoryConfigurationDelegate : Bootstrapping Spring Data Redis repositories in DEFAULT mode.
2022-08-16 17:34:34.282  INFO 24880 --- [restartedMain] .RepositoryConfigurationExtensionSupport : Spring Data Redis - Could not safely identify store assignment for repository candidate interface edu.bjtu.community.dao.elasticsearch.DiscussPostRepository. If you want this repository to be a Redis repository, consider annotating your entities with one of these annotations: org.springframework.data.redis.core.RedisHash (preferred), or consider extending one of the following types with your repository: org.springframework.data.keyvalue.repository.KeyValueRepository.
2022-08-16 17:34:34.282  INFO 24880 --- [restartedMain] .s.d.r.c.RepositoryConfigurationDelegate : Finished Spring Data repository scanning in 4ms. Found 0 Redis repository interfaces.
2022-08-16 17:34:34.766  INFO 24880 --- [restartedMain] o.s.b.w.embedded.tomcat.TomcatWebServer  : Tomcat initialized with port(s): 8080 (http)
2022-08-16 17:34:34.772  INFO 24880 --- [restartedMain] o.apache.catalina.core.StandardService   : Starting service [Tomcat]
2022-08-16 17:34:34.772  INFO 24880 --- [restartedMain] org.apache.catalina.core.StandardEngine  : Starting Servlet engine: [Apache Tomcat/9.0.46]
2022-08-16 17:34:34.870  INFO 24880 --- [restartedMain] o.a.c.c.C.[.[localhost].[/community]     : Initializing Spring embedded WebApplicationContext
2022-08-16 17:34:34.870  INFO 24880 --- [restartedMain] w.s.c.ServletWebServerApplicationContext : Root WebApplicationContext: initialization completed in 1148 ms
2022-08-16 17:34:35.930  WARN 24880 --- [restartedMain] o.s.data.convert.CustomConversions       : Registering converter from class org.springframework.data.geo.Point to interface java.util.Map as writing converter although it doesn't convert to a store-supported type! You might want to check your annotation setup at the converter implementation.
2022-08-16 17:34:35.930  WARN 24880 --- [restartedMain] o.s.data.convert.CustomConversions       : Registering converter from interface java.util.Map to class org.springframework.data.geo.Point as reading converter although it doesn't convert from a store-supported type! You might want to check your annotation setup at the converter implementation.
2022-08-16 17:34:35.930  WARN 24880 --- [restartedMain] o.s.data.convert.CustomConversions       : Registering converter from class org.springframework.data.elasticsearch.core.geo.GeoPoint to interface java.util.Map as writing converter although it doesn't convert to a store-supported type! You might want to check your annotation setup at the converter implementation.
2022-08-16 17:34:35.930  WARN 24880 --- [restartedMain] o.s.data.convert.CustomConversions       : Registering converter from interface java.util.Map to class org.springframework.data.elasticsearch.core.geo.GeoPoint as reading converter although it doesn't convert from a store-supported type! You might want to check your annotation setup at the converter implementation.
2022-08-16 17:34:35.941  WARN 24880 --- [restartedMain] o.s.data.convert.CustomConversions       : Registering converter from class org.springframework.data.geo.Point to interface java.util.Map as writing converter although it doesn't convert to a store-supported type! You might want to check your annotation setup at the converter implementation.
2022-08-16 17:34:35.941  WARN 24880 --- [restartedMain] o.s.data.convert.CustomConversions       : Registering converter from interface java.util.Map to class org.springframework.data.geo.Point as reading converter although it doesn't convert from a store-supported type! You might want to check your annotation setup at the converter implementation.
2022-08-16 17:34:35.942  WARN 24880 --- [restartedMain] o.s.data.convert.CustomConversions       : Registering converter from class org.springframework.data.elasticsearch.core.geo.GeoPoint to interface java.util.Map as writing converter although it doesn't convert to a store-supported type! You might want to check your annotation setup at the converter implementation.
2022-08-16 17:34:35.942  WARN 24880 --- [restartedMain] o.s.data.convert.CustomConversions       : Registering converter from interface java.util.Map to class org.springframework.data.elasticsearch.core.geo.GeoPoint as reading converter although it doesn't convert from a store-supported type! You might want to check your annotation setup at the converter implementation.
2022-08-16 17:34:38.024  INFO 24880 --- [restartedMain] o.s.d.elasticsearch.support.VersionInfo  : Version Spring Data Elasticsearch: 4.0.9.RELEASE
2022-08-16 17:34:38.024  INFO 24880 --- [restartedMain] o.s.d.elasticsearch.support.VersionInfo  : Version Elasticsearch Client in build: 7.6.2
2022-08-16 17:34:38.024  INFO 24880 --- [restartedMain] o.s.d.elasticsearch.support.VersionInfo  : Version Elasticsearch Client used: 7.6.2
2022-08-16 17:34:38.100  INFO 24880 --- [restartedMain] o.s.b.d.a.OptionalLiveReloadServer       : LiveReload server is running on port 35729
2022-08-16 17:34:40.136  WARN 24880 --- [restartedMain] .d.e.r.s.AbstractElasticsearchRepository : Cannot create index: Connection refused: no further information; nested exception is java.lang.RuntimeException: Connection refused: no further information
2022-08-16 17:34:40.262  INFO 24880 --- [restartedMain] o.s.s.concurrent.ThreadPoolTaskExecutor  : Initializing ExecutorService 'applicationTaskExecutor'
2022-08-16 17:34:40.317  INFO 24880 --- [restartedMain] o.s.b.a.w.s.WelcomePageHandlerMapping    : Adding welcome page template: index
2022-08-16 17:34:40.502  INFO 24880 --- [restartedMain] org.quartz.impl.StdSchedulerFactory      : Using default implementation for ThreadExecutor
2022-08-16 17:34:40.508  INFO 24880 --- [restartedMain] org.quartz.core.SchedulerSignalerImpl    : Initialized Scheduler Signaller of type: class org.quartz.core.SchedulerSignalerImpl
2022-08-16 17:34:40.508  INFO 24880 --- [restartedMain] org.quartz.core.QuartzScheduler          : Quartz Scheduler v.2.3.2 created.
2022-08-16 17:34:40.509  INFO 24880 --- [restartedMain] org.quartz.simpl.RAMJobStore             : RAMJobStore initialized.
2022-08-16 17:34:40.509  INFO 24880 --- [restartedMain] org.quartz.core.QuartzScheduler          : Scheduler meta-data: Quartz Scheduler (v2.3.2) 'quartzScheduler' with instanceId 'NON_CLUSTERED'
  Scheduler class: 'org.quartz.core.QuartzScheduler' - running locally.
  NOT STARTED.
  Currently in standby mode.
  Number of jobs executed: 0
  Using thread pool 'org.quartz.simpl.SimpleThreadPool' - with 10 threads.
  Using job-store 'org.quartz.simpl.RAMJobStore' - which does not support persistence. and is not clustered.

2022-08-16 17:34:40.509  INFO 24880 --- [restartedMain] org.quartz.impl.StdSchedulerFactory      : Quartz scheduler 'quartzScheduler' initialized from an externally provided properties instance.
2022-08-16 17:34:40.509  INFO 24880 --- [restartedMain] org.quartz.impl.StdSchedulerFactory      : Quartz scheduler version: 2.3.2
2022-08-16 17:34:40.509  INFO 24880 --- [restartedMain] org.quartz.core.QuartzScheduler          : JobFactory set to: org.springframework.scheduling.quartz.SpringBeanJobFactory@4827f056
2022-08-16 17:34:40.552  INFO 24880 --- [restartedMain] .s.s.UserDetailsServiceAutoConfiguration : 

Using generated security password: 0c92a9ff-0d58-4d9e-90eb-5875efbe3f62

2022-08-16 17:34:40.609  INFO 24880 --- [restartedMain] o.s.s.web.DefaultSecurityFilterChain     : Creating filter chain: any request, [org.springframework.security.web.context.request.async.WebAsyncManagerIntegrationFilter@6075a13f, org.springframework.security.web.context.SecurityContextPersistenceFilter@3ecb7f16, org.springframework.security.web.header.HeaderWriterFilter@3e2236a, org.springframework.security.web.csrf.CsrfFilter@33146e41, org.springframework.security.web.authentication.logout.LogoutFilter@57ba29d7, org.springframework.security.web.authentication.UsernamePasswordAuthenticationFilter@24851ab7, org.springframework.security.web.authentication.ui.DefaultLoginPageGeneratingFilter@6a112c4, org.springframework.security.web.authentication.ui.DefaultLogoutPageGeneratingFilter@5630d528, org.springframework.security.web.authentication.www.BasicAuthenticationFilter@70e20e1f, org.springframework.security.web.savedrequest.RequestCacheAwareFilter@40225226, org.springframework.security.web.servletapi.SecurityContextHolderAwareRequestFilter@24980dd0, org.springframework.security.web.authentication.AnonymousAuthenticationFilter@139db1c6, org.springframework.security.web.session.SessionManagementFilter@850b705, org.springframework.security.web.access.ExceptionTranslationFilter@7ff09e01, org.springframework.security.web.access.intercept.FilterSecurityInterceptor@6ae4bd4e]
2022-08-16 17:34:40.684  INFO 24880 --- [restartedMain] o.a.k.clients.consumer.ConsumerConfig    : ConsumerConfig values: 
	allow.auto.create.topics = true
	auto.commit.interval.ms = 3000
	auto.offset.reset = latest
	bootstrap.servers = [localhost:9092]
	check.crcs = true
	client.dns.lookup = default
	client.id = 
	client.rack = 
	connections.max.idle.ms = 540000
	default.api.timeout.ms = 60000
	enable.auto.commit = true
	exclude.internal.topics = true
	fetch.max.bytes = 52428800
	fetch.max.wait.ms = 500
	fetch.min.bytes = 1
	group.id = NowCoder-consumer-group
	group.instance.id = null
	heartbeat.interval.ms = 3000
	interceptor.classes = []
	internal.leave.group.on.close = true
	isolation.level = read_uncommitted
	key.deserializer = class org.apache.kafka.common.serialization.StringDeserializer
	max.partition.fetch.bytes = 1048576
	max.poll.interval.ms = 300000
	max.poll.records = 500
	metadata.max.age.ms = 300000
	metric.reporters = []
	metrics.num.samples = 2
	metrics.recording.level = INFO
	metrics.sample.window.ms = 30000
	partition.assignment.strategy = [class org.apache.kafka.clients.consumer.RangeAssignor]
	receive.buffer.bytes = 65536
	reconnect.backoff.max.ms = 1000
	reconnect.backoff.ms = 50
	request.timeout.ms = 30000
	retry.backoff.ms = 100
	sasl.client.callback.handler.class = null
	sasl.jaas.config = null
	sasl.kerberos.kinit.cmd = /usr/bin/kinit
	sasl.kerberos.min.time.before.relogin = 60000
	sasl.kerberos.service.name = null
	sasl.kerberos.ticket.renew.jitter = 0.05
	sasl.kerberos.ticket.renew.window.factor = 0.8
	sasl.login.callback.handler.class = null
	sasl.login.class = null
	sasl.login.refresh.buffer.seconds = 300
	sasl.login.refresh.min.period.seconds = 60
	sasl.login.refresh.window.factor = 0.8
	sasl.login.refresh.window.jitter = 0.05
	sasl.mechanism = GSSAPI
	security.protocol = PLAINTEXT
	security.providers = null
	send.buffer.bytes = 131072
	session.timeout.ms = 10000
	ssl.cipher.suites = null
	ssl.enabled.protocols = [TLSv1.2]
	ssl.endpoint.identification.algorithm = https
	ssl.key.password = null
	ssl.keymanager.algorithm = SunX509
	ssl.keystore.location = null
	ssl.keystore.password = null
	ssl.keystore.type = JKS
	ssl.protocol = TLSv1.2
	ssl.provider = null
	ssl.secure.random.implementation = null
	ssl.trustmanager.algorithm = PKIX
	ssl.truststore.location = null
	ssl.truststore.password = null
	ssl.truststore.type = JKS
	value.deserializer = class org.apache.kafka.common.serialization.StringDeserializer

2022-08-16 17:34:40.718  INFO 24880 --- [restartedMain] o.a.kafka.common.utils.AppInfoParser     : Kafka version: 2.5.1
2022-08-16 17:34:40.718  INFO 24880 --- [restartedMain] o.a.kafka.common.utils.AppInfoParser     : Kafka commitId: 0efa8fb0f4c73d92
2022-08-16 17:34:40.718  INFO 24880 --- [restartedMain] o.a.kafka.common.utils.AppInfoParser     : Kafka startTimeMs: 1660642480718
2022-08-16 17:34:40.720  INFO 24880 --- [restartedMain] o.a.k.clients.consumer.KafkaConsumer     : [Consumer clientId=consumer-NowCoder-consumer-group-1, groupId=NowCoder-consumer-group] Subscribed to topic(s): comment, like, follow
2022-08-16 17:34:40.721  INFO 24880 --- [restartedMain] o.s.s.c.ThreadPoolTaskScheduler          : Initializing ExecutorService
2022-08-16 17:34:40.724  INFO 24880 --- [restartedMain] o.a.k.clients.consumer.ConsumerConfig    : ConsumerConfig values: 
	allow.auto.create.topics = true
	auto.commit.interval.ms = 3000
	auto.offset.reset = latest
	bootstrap.servers = [localhost:9092]
	check.crcs = true
	client.dns.lookup = default
	client.id = 
	client.rack = 
	connections.max.idle.ms = 540000
	default.api.timeout.ms = 60000
	enable.auto.commit = true
	exclude.internal.topics = true
	fetch.max.bytes = 52428800
	fetch.max.wait.ms = 500
	fetch.min.bytes = 1
	group.id = NowCoder-consumer-group
	group.instance.id = null
	heartbeat.interval.ms = 3000
	interceptor.classes = []
	internal.leave.group.on.close = true
	isolation.level = read_uncommitted
	key.deserializer = class org.apache.kafka.common.serialization.StringDeserializer
	max.partition.fetch.bytes = 1048576
	max.poll.interval.ms = 300000
	max.poll.records = 500
	metadata.max.age.ms = 300000
	metric.reporters = []
	metrics.num.samples = 2
	metrics.recording.level = INFO
	metrics.sample.window.ms = 30000
	partition.assignment.strategy = [class org.apache.kafka.clients.consumer.RangeAssignor]
	receive.buffer.bytes = 65536
	reconnect.backoff.max.ms = 1000
	reconnect.backoff.ms = 50
	request.timeout.ms = 30000
	retry.backoff.ms = 100
	sasl.client.callback.handler.class = null
	sasl.jaas.config = null
	sasl.kerberos.kinit.cmd = /usr/bin/kinit
	sasl.kerberos.min.time.before.relogin = 60000
	sasl.kerberos.service.name = null
	sasl.kerberos.ticket.renew.jitter = 0.05
	sasl.kerberos.ticket.renew.window.factor = 0.8
	sasl.login.callback.handler.class = null
	sasl.login.class = null
	sasl.login.refresh.buffer.seconds = 300
	sasl.login.refresh.min.period.seconds = 60
	sasl.login.refresh.window.factor = 0.8
	sasl.login.refresh.window.jitter = 0.05
	sasl.mechanism = GSSAPI
	security.protocol = PLAINTEXT
	security.providers = null
	send.buffer.bytes = 131072
	session.timeout.ms = 10000
	ssl.cipher.suites = null
	ssl.enabled.protocols = [TLSv1.2]
	ssl.endpoint.identification.algorithm = https
	ssl.key.password = null
	ssl.keymanager.algorithm = SunX509
	ssl.keystore.location = null
	ssl.keystore.password = null
	ssl.keystore.type = JKS
	ssl.protocol = TLSv1.2
	ssl.provider = null
	ssl.secure.random.implementation = null
	ssl.trustmanager.algorithm = PKIX
	ssl.truststore.location = null
	ssl.truststore.password = null
	ssl.truststore.type = JKS
	value.deserializer = class org.apache.kafka.common.serialization.StringDeserializer

2022-08-16 17:34:40.728  INFO 24880 --- [restartedMain] o.a.kafka.common.utils.AppInfoParser     : Kafka version: 2.5.1
2022-08-16 17:34:40.728  INFO 24880 --- [restartedMain] o.a.kafka.common.utils.AppInfoParser     : Kafka commitId: 0efa8fb0f4c73d92
2022-08-16 17:34:40.728  INFO 24880 --- [restartedMain] o.a.kafka.common.utils.AppInfoParser     : Kafka startTimeMs: 1660642480728
2022-08-16 17:34:40.729  INFO 24880 --- [restartedMain] o.a.k.clients.consumer.KafkaConsumer     : [Consumer clientId=consumer-NowCoder-consumer-group-2, groupId=NowCoder-consumer-group] Subscribed to topic(s): publish
2022-08-16 17:34:40.729  INFO 24880 --- [restartedMain] o.s.s.c.ThreadPoolTaskScheduler          : Initializing ExecutorService
2022-08-16 17:34:40.739  INFO 24880 --- [restartedMain] o.s.b.w.embedded.tomcat.TomcatWebServer  : Tomcat started on port(s): 8080 (http) with context path '/community'
2022-08-16 17:34:40.740  INFO 24880 --- [restartedMain] o.s.s.quartz.SchedulerFactoryBean        : Starting Quartz Scheduler now
2022-08-16 17:34:40.740  INFO 24880 --- [restartedMain] org.quartz.core.QuartzScheduler          : Scheduler quartzScheduler_$_NON_CLUSTERED started.
2022-08-16 17:34:40.746  INFO 24880 --- [restartedMain] edu.bjtu.community.App                   : Started App in 7.296 seconds (JVM running for 8.0)
2022-08-16 17:34:42.950  WARN 24880 --- [org.springframework.kafka.KafkaListenerEndpointContainer#0-0-C-1] org.apache.kafka.clients.NetworkClient   : [Consumer clientId=consumer-NowCoder-consumer-group-1, groupId=NowCoder-consumer-group] Connection to node -1 (localhost/127.0.0.1:9092) could not be established. Broker may not be available.
2022-08-16 17:34:42.950  WARN 24880 --- [org.springframework.kafka.KafkaListenerEndpointContainer#1-0-C-1] org.apache.kafka.clients.NetworkClient   : [Consumer clientId=consumer-NowCoder-consumer-group-2, groupId=NowCoder-consumer-group] Connection to node -1 (localhost/127.0.0.1:9092) could not be established. Broker may not be available.
2022-08-16 17:34:42.950  WARN 24880 --- [org.springframework.kafka.KafkaListenerEndpointContainer#1-0-C-1] org.apache.kafka.clients.NetworkClient   : [Consumer clientId=consumer-NowCoder-consumer-group-2, groupId=NowCoder-consumer-group] Bootstrap broker localhost:9092 (id: -1 rack: null) disconnected
2022-08-16 17:34:42.950  WARN 24880 --- [org.springframework.kafka.KafkaListenerEndpointContainer#0-0-C-1] org.apache.kafka.clients.NetworkClient   : [Consumer clientId=consumer-NowCoder-consumer-group-1, groupId=NowCoder-consumer-group] Bootstrap broker localhost:9092 (id: -1 rack: null) disconnected
2022-08-16 17:34:45.078  WARN 24880 --- [org.springframework.kafka.KafkaListenerEndpointContainer#1-0-C-1] org.apache.kafka.clients.NetworkClient   : [Consumer clientId=consumer-NowCoder-consumer-group-2, groupId=NowCoder-consumer-group] Connection to node -1 (localhost/127.0.0.1:9092) could not be established. Broker may not be available.
2022-08-16 17:34:45.078  WARN 24880 --- [org.springframework.kafka.KafkaListenerEndpointContainer#0-0-C-1] org.apache.kafka.clients.NetworkClient   : [Consumer clientId=consumer-NowCoder-consumer-group-1, groupId=NowCoder-consumer-group] Connection to node -1 (localhost/127.0.0.1:9092) could not be established. Broker may not be available.
2022-08-16 17:34:45.078  WARN 24880 --- [org.springframework.kafka.KafkaListenerEndpointContainer#1-0-C-1] org.apache.kafka.clients.NetworkClient   : [Consumer clientId=consumer-NowCoder-consumer-group-2, groupId=NowCoder-consumer-group] Bootstrap broker localhost:9092 (id: -1 rack: null) disconnected
2022-08-16 17:34:45.078  WARN 24880 --- [org.springframework.kafka.KafkaListenerEndpointContainer#0-0-C-1] org.apache.kafka.clients.NetworkClient   : [Consumer clientId=consumer-NowCoder-consumer-group-1, groupId=NowCoder-consumer-group] Bootstrap broker localhost:9092 (id: -1 rack: null) disconnected
2022-08-16 17:34:47.226  WARN 24880 --- [org.springframework.kafka.KafkaListenerEndpointContainer#0-0-C-1] org.apache.kafka.clients.NetworkClient   : [Consumer clientId=consumer-NowCoder-consumer-group-1, groupId=NowCoder-consumer-group] Connection to node -1 (localhost/127.0.0.1:9092) could not be established. Broker may not be available.
2022-08-16 17:34:47.226  WARN 24880 --- [org.springframework.kafka.KafkaListenerEndpointContainer#0-0-C-1] org.apache.kafka.clients.NetworkClient   : [Consumer clientId=consumer-NowCoder-consumer-group-1, groupId=NowCoder-consumer-group] Bootstrap broker localhost:9092 (id: -1 rack: null) disconnected
2022-08-16 17:34:47.290  WARN 24880 --- [org.springframework.kafka.KafkaListenerEndpointContainer#1-0-C-1] org.apache.kafka.clients.NetworkClient   : [Consumer clientId=consumer-NowCoder-consumer-group-2, groupId=NowCoder-consumer-group] Connection to node -1 (localhost/127.0.0.1:9092) could not be established. Broker may not be available.
2022-08-16 17:34:47.290  WARN 24880 --- [org.springframework.kafka.KafkaListenerEndpointContainer#1-0-C-1] org.apache.kafka.clients.NetworkClient   : [Consumer clientId=consumer-NowCoder-consumer-group-2, groupId=NowCoder-consumer-group] Bootstrap broker localhost:9092 (id: -1 rack: null) disconnected
2022-08-16 17:34:49.486  WARN 24880 --- [org.springframework.kafka.KafkaListenerEndpointContainer#0-0-C-1] org.apache.kafka.clients.NetworkClient   : [Consumer clientId=consumer-NowCoder-consumer-group-1, groupId=NowCoder-consumer-group] Connection to node -1 (localhost/127.0.0.1:9092) could not be established. Broker may not be available.
2022-08-16 17:34:49.486  WARN 24880 --- [org.springframework.kafka.KafkaListenerEndpointContainer#0-0-C-1] org.apache.kafka.clients.NetworkClient   : [Consumer clientId=consumer-NowCoder-consumer-group-1, groupId=NowCoder-consumer-group] Bootstrap broker localhost:9092 (id: -1 rack: null) disconnected
2022-08-16 17:34:49.548  WARN 24880 --- [org.springframework.kafka.KafkaListenerEndpointContainer#1-0-C-1] org.apache.kafka.clients.NetworkClient   : [Consumer clientId=consumer-NowCoder-consumer-group-2, groupId=NowCoder-consumer-group] Connection to node -1 (localhost/127.0.0.1:9092) could not be established. Broker may not be available.
2022-08-16 17:34:49.548  WARN 24880 --- [org.springframework.kafka.KafkaListenerEndpointContainer#1-0-C-1] org.apache.kafka.clients.NetworkClient   : [Consumer clientId=consumer-NowCoder-consumer-group-2, groupId=NowCoder-consumer-group] Bootstrap broker localhost:9092 (id: -1 rack: null) disconnected
2022-08-16 17:34:51.999  WARN 24880 --- [org.springframework.kafka.KafkaListenerEndpointContainer#0-0-C-1] org.apache.kafka.clients.NetworkClient   : [Consumer clientId=consumer-NowCoder-consumer-group-1, groupId=NowCoder-consumer-group] Connection to node -1 (localhost/127.0.0.1:9092) could not be established. Broker may not be available.
2022-08-16 17:34:51.999  WARN 24880 --- [org.springframework.kafka.KafkaListenerEndpointContainer#1-0-C-1] org.apache.kafka.clients.NetworkClient   : [Consumer clientId=consumer-NowCoder-consumer-group-2, groupId=NowCoder-consumer-group] Connection to node -1 (localhost/127.0.0.1:9092) could not be established. Broker may not be available.
2022-08-16 17:34:51.999  WARN 24880 --- [org.springframework.kafka.KafkaListenerEndpointContainer#0-0-C-1] org.apache.kafka.clients.NetworkClient   : [Consumer clientId=consumer-NowCoder-consumer-group-1, groupId=NowCoder-consumer-group] Bootstrap broker localhost:9092 (id: -1 rack: null) disconnected
2022-08-16 17:34:51.999  WARN 24880 --- [org.springframework.kafka.KafkaListenerEndpointContainer#1-0-C-1] org.apache.kafka.clients.NetworkClient   : [Consumer clientId=consumer-NowCoder-consumer-group-2, groupId=NowCoder-consumer-group] Bootstrap broker localhost:9092 (id: -1 rack: null) disconnected
2022-08-16 17:34:54.820  WARN 24880 --- [org.springframework.kafka.KafkaListenerEndpointContainer#1-0-C-1] org.apache.kafka.clients.NetworkClient   : [Consumer clientId=consumer-NowCoder-consumer-group-2, groupId=NowCoder-consumer-group] Connection to node -1 (localhost/127.0.0.1:9092) could not be established. Broker may not be available.
2022-08-16 17:34:54.820  WARN 24880 --- [org.springframework.kafka.KafkaListenerEndpointContainer#1-0-C-1] org.apache.kafka.clients.NetworkClient   : [Consumer clientId=consumer-NowCoder-consumer-group-2, groupId=NowCoder-consumer-group] Bootstrap broker localhost:9092 (id: -1 rack: null) disconnected
2022-08-16 17:34:54.946  WARN 24880 --- [org.springframework.kafka.KafkaListenerEndpointContainer#0-0-C-1] org.apache.kafka.clients.NetworkClient   : [Consumer clientId=consumer-NowCoder-consumer-group-1, groupId=NowCoder-consumer-group] Connection to node -1 (localhost/127.0.0.1:9092) could not be established. Broker may not be available.
2022-08-16 17:34:54.946  WARN 24880 --- [org.springframework.kafka.KafkaListenerEndpointContainer#0-0-C-1] org.apache.kafka.clients.NetworkClient   : [Consumer clientId=consumer-NowCoder-consumer-group-1, groupId=NowCoder-consumer-group] Bootstrap broker localhost:9092 (id: -1 rack: null) disconnected
2022-08-16 17:34:57.904  WARN 24880 --- [org.springframework.kafka.KafkaListenerEndpointContainer#1-0-C-1] org.apache.kafka.clients.NetworkClient   : [Consumer clientId=consumer-NowCoder-consumer-group-2, groupId=NowCoder-consumer-group] Connection to node -1 (localhost/127.0.0.1:9092) could not be established. Broker may not be available.
2022-08-16 17:34:57.904  WARN 24880 --- [org.springframework.kafka.KafkaListenerEndpointContainer#1-0-C-1] org.apache.kafka.clients.NetworkClient   : [Consumer clientId=consumer-NowCoder-consumer-group-2, groupId=NowCoder-consumer-group] Bootstrap broker localhost:9092 (id: -1 rack: null) disconnected
2022-08-16 17:34:58.095  WARN 24880 --- [org.springframework.kafka.KafkaListenerEndpointContainer#0-0-C-1] org.apache.kafka.clients.NetworkClient   : [Consumer clientId=consumer-NowCoder-consumer-group-1, groupId=NowCoder-consumer-group] Connection to node -1 (localhost/127.0.0.1:9092) could not be established. Broker may not be available.
2022-08-16 17:34:58.095  WARN 24880 --- [org.springframework.kafka.KafkaListenerEndpointContainer#0-0-C-1] org.apache.kafka.clients.NetworkClient   : [Consumer clientId=consumer-NowCoder-consumer-group-1, groupId=NowCoder-consumer-group] Bootstrap broker localhost:9092 (id: -1 rack: null) disconnected
2022-08-16 17:35:00.855  WARN 24880 --- [org.springframework.kafka.KafkaListenerEndpointContainer#1-0-C-1] org.apache.kafka.clients.NetworkClient   : [Consumer clientId=consumer-NowCoder-consumer-group-2, groupId=NowCoder-consumer-group] Connection to node -1 (localhost/127.0.0.1:9092) could not be established. Broker may not be available.
2022-08-16 17:35:00.855  WARN 24880 --- [org.springframework.kafka.KafkaListenerEndpointContainer#1-0-C-1] org.apache.kafka.clients.NetworkClient   : [Consumer clientId=consumer-NowCoder-consumer-group-2, groupId=NowCoder-consumer-group] Bootstrap broker localhost:9092 (id: -1 rack: null) disconnected
2022-08-16 17:35:01.367  WARN 24880 --- [org.springframework.kafka.KafkaListenerEndpointContainer#0-0-C-1] org.apache.kafka.clients.NetworkClient   : [Consumer clientId=consumer-NowCoder-consumer-group-1, groupId=NowCoder-consumer-group] Connection to node -1 (localhost/127.0.0.1:9092) could not be established. Broker may not be available.
2022-08-16 17:35:01.367  WARN 24880 --- [org.springframework.kafka.KafkaListenerEndpointContainer#0-0-C-1] org.apache.kafka.clients.NetworkClient   : [Consumer clientId=consumer-NowCoder-consumer-group-1, groupId=NowCoder-consumer-group] Bootstrap broker localhost:9092 (id: -1 rack: null) disconnected
2022-08-16 17:35:03.987  WARN 24880 --- [org.springframework.kafka.KafkaListenerEndpointContainer#1-0-C-1] org.apache.kafka.clients.NetworkClient   : [Consumer clientId=consumer-NowCoder-consumer-group-2, groupId=NowCoder-consumer-group] Connection to node -1 (localhost/127.0.0.1:9092) could not be established. Broker may not be available.
2022-08-16 17:35:03.987  WARN 24880 --- [org.springframework.kafka.KafkaListenerEndpointContainer#1-0-C-1] org.apache.kafka.clients.NetworkClient   : [Consumer clientId=consumer-NowCoder-consumer-group-2, groupId=NowCoder-consumer-group] Bootstrap broker localhost:9092 (id: -1 rack: null) disconnected
2022-08-16 17:35:04.238  WARN 24880 --- [org.springframework.kafka.KafkaListenerEndpointContainer#0-0-C-1] org.apache.kafka.clients.NetworkClient   : [Consumer clientId=consumer-NowCoder-consumer-group-1, groupId=NowCoder-consumer-group] Connection to node -1 (localhost/127.0.0.1:9092) could not be established. Broker may not be available.
2022-08-16 17:35:04.238  WARN 24880 --- [org.springframework.kafka.KafkaListenerEndpointContainer#0-0-C-1] org.apache.kafka.clients.NetworkClient   : [Consumer clientId=consumer-NowCoder-consumer-group-1, groupId=NowCoder-consumer-group] Bootstrap broker localhost:9092 (id: -1 rack: null) disconnected
2022-08-16 17:35:06.983  WARN 24880 --- [org.springframework.kafka.KafkaListenerEndpointContainer#1-0-C-1] org.apache.kafka.clients.NetworkClient   : [Consumer clientId=consumer-NowCoder-consumer-group-2, groupId=NowCoder-consumer-group] Connection to node -1 (localhost/127.0.0.1:9092) could not be established. Broker may not be available.
2022-08-16 17:35:06.983  WARN 24880 --- [org.springframework.kafka.KafkaListenerEndpointContainer#1-0-C-1] org.apache.kafka.clients.NetworkClient   : [Consumer clientId=consumer-NowCoder-consumer-group-2, groupId=NowCoder-consumer-group] Bootstrap broker localhost:9092 (id: -1 rack: null) disconnected
2022-08-16 17:35:07.124  WARN 24880 --- [org.springframework.kafka.KafkaListenerEndpointContainer#0-0-C-1] org.apache.kafka.clients.NetworkClient   : [Consumer clientId=consumer-NowCoder-consumer-group-1, groupId=NowCoder-consumer-group] Connection to node -1 (localhost/127.0.0.1:9092) could not be established. Broker may not be available.
2022-08-16 17:35:07.124  WARN 24880 --- [org.springframework.kafka.KafkaListenerEndpointContainer#0-0-C-1] org.apache.kafka.clients.NetworkClient   : [Consumer clientId=consumer-NowCoder-consumer-group-1, groupId=NowCoder-consumer-group] Bootstrap broker localhost:9092 (id: -1 rack: null) disconnected
2022-08-16 17:35:10.166  WARN 24880 --- [org.springframework.kafka.KafkaListenerEndpointContainer#1-0-C-1] org.apache.kafka.clients.NetworkClient   : [Consumer clientId=consumer-NowCoder-consumer-group-2, groupId=NowCoder-consumer-group] Connection to node -1 (localhost/127.0.0.1:9092) could not be established. Broker may not be available.
2022-08-16 17:35:10.166  WARN 24880 --- [org.springframework.kafka.KafkaListenerEndpointContainer#1-0-C-1] org.apache.kafka.clients.NetworkClient   : [Consumer clientId=consumer-NowCoder-consumer-group-2, groupId=NowCoder-consumer-group] Bootstrap broker localhost:9092 (id: -1 rack: null) disconnected
2022-08-16 17:35:10.379  WARN 24880 --- [org.springframework.kafka.KafkaListenerEndpointContainer#0-0-C-1] org.apache.kafka.clients.NetworkClient   : [Consumer clientId=consumer-NowCoder-consumer-group-1, groupId=NowCoder-consumer-group] Connection to node -1 (localhost/127.0.0.1:9092) could not be established. Broker may not be available.
2022-08-16 17:35:10.379  WARN 24880 --- [org.springframework.kafka.KafkaListenerEndpointContainer#0-0-C-1] org.apache.kafka.clients.NetworkClient   : [Consumer clientId=consumer-NowCoder-consumer-group-1, groupId=NowCoder-consumer-group] Bootstrap broker localhost:9092 (id: -1 rack: null) disconnected
2022-08-16 17:35:13.297  WARN 24880 --- [org.springframework.kafka.KafkaListenerEndpointContainer#1-0-C-1] org.apache.kafka.clients.NetworkClient   : [Consumer clientId=consumer-NowCoder-consumer-group-2, groupId=NowCoder-consumer-group] Connection to node -1 (localhost/127.0.0.1:9092) could not be established. Broker may not be available.
2022-08-16 17:35:13.297  WARN 24880 --- [org.springframework.kafka.KafkaListenerEndpointContainer#1-0-C-1] org.apache.kafka.clients.NetworkClient   : [Consumer clientId=consumer-NowCoder-consumer-group-2, groupId=NowCoder-consumer-group] Bootstrap broker localhost:9092 (id: -1 rack: null) disconnected
2022-08-16 17:35:13.313  WARN 24880 --- [org.springframework.kafka.KafkaListenerEndpointContainer#0-0-C-1] org.apache.kafka.clients.NetworkClient   : [Consumer clientId=consumer-NowCoder-consumer-group-1, groupId=NowCoder-consumer-group] Connection to node -1 (localhost/127.0.0.1:9092) could not be established. Broker may not be available.
2022-08-16 17:35:13.313  WARN 24880 --- [org.springframework.kafka.KafkaListenerEndpointContainer#0-0-C-1] org.apache.kafka.clients.NetworkClient   : [Consumer clientId=consumer-NowCoder-consumer-group-1, groupId=NowCoder-consumer-group] Bootstrap broker localhost:9092 (id: -1 rack: null) disconnected
2022-08-16 17:35:16.322  WARN 24880 --- [org.springframework.kafka.KafkaListenerEndpointContainer#1-0-C-1] org.apache.kafka.clients.NetworkClient   : [Consumer clientId=consumer-NowCoder-consumer-group-2, groupId=NowCoder-consumer-group] Connection to node -1 (localhost/127.0.0.1:9092) could not be established. Broker may not be available.
2022-08-16 17:35:16.322  WARN 24880 --- [org.springframework.kafka.KafkaListenerEndpointContainer#1-0-C-1] org.apache.kafka.clients.NetworkClient   : [Consumer clientId=consumer-NowCoder-consumer-group-2, groupId=NowCoder-consumer-group] Bootstrap broker localhost:9092 (id: -1 rack: null) disconnected
2022-08-16 17:35:16.465  WARN 24880 --- [org.springframework.kafka.KafkaListenerEndpointContainer#0-0-C-1] org.apache.kafka.clients.NetworkClient   : [Consumer clientId=consumer-NowCoder-consumer-group-1, groupId=NowCoder-consumer-group] Connection to node -1 (localhost/127.0.0.1:9092) could not be established. Broker may not be available.
2022-08-16 17:35:16.465  WARN 24880 --- [org.springframework.kafka.KafkaListenerEndpointContainer#0-0-C-1] org.apache.kafka.clients.NetworkClient   : [Consumer clientId=consumer-NowCoder-consumer-group-1, groupId=NowCoder-consumer-group] Bootstrap broker localhost:9092 (id: -1 rack: null) disconnected
2022-08-16 17:35:19.398  WARN 24880 --- [org.springframework.kafka.KafkaListenerEndpointContainer#1-0-C-1] org.apache.kafka.clients.NetworkClient   : [Consumer clientId=consumer-NowCoder-consumer-group-2, groupId=NowCoder-consumer-group] Connection to node -1 (localhost/127.0.0.1:9092) could not be established. Broker may not be available.
2022-08-16 17:35:19.398  WARN 24880 --- [org.springframework.kafka.KafkaListenerEndpointContainer#1-0-C-1] org.apache.kafka.clients.NetworkClient   : [Consumer clientId=consumer-NowCoder-consumer-group-2, groupId=NowCoder-consumer-group] Bootstrap broker localhost:9092 (id: -1 rack: null) disconnected
2022-08-16 17:35:19.540  WARN 24880 --- [org.springframework.kafka.KafkaListenerEndpointContainer#0-0-C-1] org.apache.kafka.clients.NetworkClient   : [Consumer clientId=consumer-NowCoder-consumer-group-1, groupId=NowCoder-consumer-group] Connection to node -1 (localhost/127.0.0.1:9092) could not be established. Broker may not be available.
2022-08-16 17:35:19.540  WARN 24880 --- [org.springframework.kafka.KafkaListenerEndpointContainer#0-0-C-1] org.apache.kafka.clients.NetworkClient   : [Consumer clientId=consumer-NowCoder-consumer-group-1, groupId=NowCoder-consumer-group] Bootstrap broker localhost:9092 (id: -1 rack: null) disconnected
2022-08-16 17:35:22.343  WARN 24880 --- [org.springframework.kafka.KafkaListenerEndpointContainer#1-0-C-1] org.apache.kafka.clients.NetworkClient   : [Consumer clientId=consumer-NowCoder-consumer-group-2, groupId=NowCoder-consumer-group] Connection to node -1 (localhost/127.0.0.1:9092) could not be established. Broker may not be available.
2022-08-16 17:35:22.343  WARN 24880 --- [org.springframework.kafka.KafkaListenerEndpointContainer#1-0-C-1] org.apache.kafka.clients.NetworkClient   : [Consumer clientId=consumer-NowCoder-consumer-group-2, groupId=NowCoder-consumer-group] Bootstrap broker localhost:9092 (id: -1 rack: null) disconnected
2022-08-16 17:35:22.614  WARN 24880 --- [org.springframework.kafka.KafkaListenerEndpointContainer#0-0-C-1] org.apache.kafka.clients.NetworkClient   : [Consumer clientId=consumer-NowCoder-consumer-group-1, groupId=NowCoder-consumer-group] Connection to node -1 (localhost/127.0.0.1:9092) could not be established. Broker may not be available.
2022-08-16 17:35:22.614  WARN 24880 --- [org.springframework.kafka.KafkaListenerEndpointContainer#0-0-C-1] org.apache.kafka.clients.NetworkClient   : [Consumer clientId=consumer-NowCoder-consumer-group-1, groupId=NowCoder-consumer-group] Bootstrap broker localhost:9092 (id: -1 rack: null) disconnected
2022-08-16 17:35:25.551  WARN 24880 --- [org.springframework.kafka.KafkaListenerEndpointContainer#1-0-C-1] org.apache.kafka.clients.NetworkClient   : [Consumer clientId=consumer-NowCoder-consumer-group-2, groupId=NowCoder-consumer-group] Connection to node -1 (localhost/127.0.0.1:9092) could not be established. Broker may not be available.
2022-08-16 17:35:25.551  WARN 24880 --- [org.springframework.kafka.KafkaListenerEndpointContainer#1-0-C-1] org.apache.kafka.clients.NetworkClient   : [Consumer clientId=consumer-NowCoder-consumer-group-2, groupId=NowCoder-consumer-group] Bootstrap broker localhost:9092 (id: -1 rack: null) disconnected
2022-08-16 17:35:25.695  WARN 24880 --- [org.springframework.kafka.KafkaListenerEndpointContainer#0-0-C-1] org.apache.kafka.clients.NetworkClient   : [Consumer clientId=consumer-NowCoder-consumer-group-1, groupId=NowCoder-consumer-group] Connection to node -1 (localhost/127.0.0.1:9092) could not be established. Broker may not be available.
2022-08-16 17:35:25.695  WARN 24880 --- [org.springframework.kafka.KafkaListenerEndpointContainer#0-0-C-1] org.apache.kafka.clients.NetworkClient   : [Consumer clientId=consumer-NowCoder-consumer-group-1, groupId=NowCoder-consumer-group] Bootstrap broker localhost:9092 (id: -1 rack: null) disconnected
2022-08-16 17:35:28.692  WARN 24880 --- [org.springframework.kafka.KafkaListenerEndpointContainer#1-0-C-1] org.apache.kafka.clients.NetworkClient   : [Consumer clientId=consumer-NowCoder-consumer-group-2, groupId=NowCoder-consumer-group] Connection to node -1 (localhost/127.0.0.1:9092) could not be established. Broker may not be available.
2022-08-16 17:35:28.692  WARN 24880 --- [org.springframework.kafka.KafkaListenerEndpointContainer#1-0-C-1] org.apache.kafka.clients.NetworkClient   : [Consumer clientId=consumer-NowCoder-consumer-group-2, groupId=NowCoder-consumer-group] Bootstrap broker localhost:9092 (id: -1 rack: null) disconnected
2022-08-16 17:35:28.771  WARN 24880 --- [org.springframework.kafka.KafkaListenerEndpointContainer#0-0-C-1] org.apache.kafka.clients.NetworkClient   : [Consumer clientId=consumer-NowCoder-consumer-group-1, groupId=NowCoder-consumer-group] Connection to node -1 (localhost/127.0.0.1:9092) could not be established. Broker may not be available.
2022-08-16 17:35:28.771  WARN 24880 --- [org.springframework.kafka.KafkaListenerEndpointContainer#0-0-C-1] org.apache.kafka.clients.NetworkClient   : [Consumer clientId=consumer-NowCoder-consumer-group-1, groupId=NowCoder-consumer-group] Bootstrap broker localhost:9092 (id: -1 rack: null) disconnected
2022-08-16 17:35:31.582  WARN 24880 --- [org.springframework.kafka.KafkaListenerEndpointContainer#1-0-C-1] org.apache.kafka.clients.NetworkClient   : [Consumer clientId=consumer-NowCoder-consumer-group-2, groupId=NowCoder-consumer-group] Connection to node -1 (localhost/127.0.0.1:9092) could not be established. Broker may not be available.
2022-08-16 17:35:31.582  WARN 24880 --- [org.springframework.kafka.KafkaListenerEndpointContainer#1-0-C-1] org.apache.kafka.clients.NetworkClient   : [Consumer clientId=consumer-NowCoder-consumer-group-2, groupId=NowCoder-consumer-group] Bootstrap broker localhost:9092 (id: -1 rack: null) disconnected
2022-08-16 17:35:31.788  WARN 24880 --- [org.springframework.kafka.KafkaListenerEndpointContainer#0-0-C-1] org.apache.kafka.clients.NetworkClient   : [Consumer clientId=consumer-NowCoder-consumer-group-1, groupId=NowCoder-consumer-group] Connection to node -1 (localhost/127.0.0.1:9092) could not be established. Broker may not be available.
2022-08-16 17:35:31.788  WARN 24880 --- [org.springframework.kafka.KafkaListenerEndpointContainer#0-0-C-1] org.apache.kafka.clients.NetworkClient   : [Consumer clientId=consumer-NowCoder-consumer-group-1, groupId=NowCoder-consumer-group] Bootstrap broker localhost:9092 (id: -1 rack: null) disconnected
2022-08-16 17:35:34.534  WARN 24880 --- [org.springframework.kafka.KafkaListenerEndpointContainer#1-0-C-1] org.apache.kafka.clients.NetworkClient   : [Consumer clientId=consumer-NowCoder-consumer-group-2, groupId=NowCoder-consumer-group] Connection to node -1 (localhost/127.0.0.1:9092) could not be established. Broker may not be available.
2022-08-16 17:35:34.534  WARN 24880 --- [org.springframework.kafka.KafkaListenerEndpointContainer#1-0-C-1] org.apache.kafka.clients.NetworkClient   : [Consumer clientId=consumer-NowCoder-consumer-group-2, groupId=NowCoder-consumer-group] Bootstrap broker localhost:9092 (id: -1 rack: null) disconnected
2022-08-16 17:35:34.929  WARN 24880 --- [org.springframework.kafka.KafkaListenerEndpointContainer#0-0-C-1] org.apache.kafka.clients.NetworkClient   : [Consumer clientId=consumer-NowCoder-consumer-group-1, groupId=NowCoder-consumer-group] Connection to node -1 (localhost/127.0.0.1:9092) could not be established. Broker may not be available.
2022-08-16 17:35:34.929  WARN 24880 --- [org.springframework.kafka.KafkaListenerEndpointContainer#0-0-C-1] org.apache.kafka.clients.NetworkClient   : [Consumer clientId=consumer-NowCoder-consumer-group-1, groupId=NowCoder-consumer-group] Bootstrap broker localhost:9092 (id: -1 rack: null) disconnected
2022-08-16 17:35:37.672  WARN 24880 --- [org.springframework.kafka.KafkaListenerEndpointContainer#1-0-C-1] org.apache.kafka.clients.NetworkClient   : [Consumer clientId=consumer-NowCoder-consumer-group-2, groupId=NowCoder-consumer-group] Connection to node -1 (localhost/127.0.0.1:9092) could not be established. Broker may not be available.
2022-08-16 17:35:37.672  WARN 24880 --- [org.springframework.kafka.KafkaListenerEndpointContainer#1-0-C-1] org.apache.kafka.clients.NetworkClient   : [Consumer clientId=consumer-NowCoder-consumer-group-2, groupId=NowCoder-consumer-group] Bootstrap broker localhost:9092 (id: -1 rack: null) disconnected
2022-08-16 17:35:37.907  WARN 24880 --- [org.springframework.kafka.KafkaListenerEndpointContainer#0-0-C-1] org.apache.kafka.clients.NetworkClient   : [Consumer clientId=consumer-NowCoder-consumer-group-1, groupId=NowCoder-consumer-group] Connection to node -1 (localhost/127.0.0.1:9092) could not be established. Broker may not be available.
2022-08-16 17:35:37.907  WARN 24880 --- [org.springframework.kafka.KafkaListenerEndpointContainer#0-0-C-1] org.apache.kafka.clients.NetworkClient   : [Consumer clientId=consumer-NowCoder-consumer-group-1, groupId=NowCoder-consumer-group] Bootstrap broker localhost:9092 (id: -1 rack: null) disconnected
2022-08-16 17:35:40.680  WARN 24880 --- [org.springframework.kafka.KafkaListenerEndpointContainer#1-0-C-1] org.apache.kafka.clients.NetworkClient   : [Consumer clientId=consumer-NowCoder-consumer-group-2, groupId=NowCoder-consumer-group] Connection to node -1 (localhost/127.0.0.1:9092) could not be established. Broker may not be available.
2022-08-16 17:35:40.680  WARN 24880 --- [org.springframework.kafka.KafkaListenerEndpointContainer#1-0-C-1] org.apache.kafka.clients.NetworkClient   : [Consumer clientId=consumer-NowCoder-consumer-group-2, groupId=NowCoder-consumer-group] Bootstrap broker localhost:9092 (id: -1 rack: null) disconnected
2022-08-16 17:35:41.108  WARN 24880 --- [org.springframework.kafka.KafkaListenerEndpointContainer#0-0-C-1] org.apache.kafka.clients.NetworkClient   : [Consumer clientId=consumer-NowCoder-consumer-group-1, groupId=NowCoder-consumer-group] Connection to node -1 (localhost/127.0.0.1:9092) could not be established. Broker may not be available.
2022-08-16 17:35:41.108  WARN 24880 --- [org.springframework.kafka.KafkaListenerEndpointContainer#0-0-C-1] org.apache.kafka.clients.NetworkClient   : [Consumer clientId=consumer-NowCoder-consumer-group-1, groupId=NowCoder-consumer-group] Bootstrap broker localhost:9092 (id: -1 rack: null) disconnected
2022-08-16 17:35:43.649  WARN 24880 --- [org.springframework.kafka.KafkaListenerEndpointContainer#1-0-C-1] org.apache.kafka.clients.NetworkClient   : [Consumer clientId=consumer-NowCoder-consumer-group-2, groupId=NowCoder-consumer-group] Connection to node -1 (localhost/127.0.0.1:9092) could not be established. Broker may not be available.
2022-08-16 17:35:43.649  WARN 24880 --- [org.springframework.kafka.KafkaListenerEndpointContainer#1-0-C-1] org.apache.kafka.clients.NetworkClient   : [Consumer clientId=consumer-NowCoder-consumer-group-2, groupId=NowCoder-consumer-group] Bootstrap broker localhost:9092 (id: -1 rack: null) disconnected
2022-08-16 17:35:44.259  WARN 24880 --- [org.springframework.kafka.KafkaListenerEndpointContainer#0-0-C-1] org.apache.kafka.clients.NetworkClient   : [Consumer clientId=consumer-NowCoder-consumer-group-1, groupId=NowCoder-consumer-group] Connection to node -1 (localhost/127.0.0.1:9092) could not be established. Broker may not be available.
2022-08-16 17:35:44.259  WARN 24880 --- [org.springframework.kafka.KafkaListenerEndpointContainer#0-0-C-1] org.apache.kafka.clients.NetworkClient   : [Consumer clientId=consumer-NowCoder-consumer-group-1, groupId=NowCoder-consumer-group] Bootstrap broker localhost:9092 (id: -1 rack: null) disconnected
2022-08-16 17:35:46.720  WARN 24880 --- [org.springframework.kafka.KafkaListenerEndpointContainer#1-0-C-1] org.apache.kafka.clients.NetworkClient   : [Consumer clientId=consumer-NowCoder-consumer-group-2, groupId=NowCoder-consumer-group] Connection to node -1 (localhost/127.0.0.1:9092) could not be established. Broker may not be available.
2022-08-16 17:35:46.720  WARN 24880 --- [org.springframework.kafka.KafkaListenerEndpointContainer#1-0-C-1] org.apache.kafka.clients.NetworkClient   : [Consumer clientId=consumer-NowCoder-consumer-group-2, groupId=NowCoder-consumer-group] Bootstrap broker localhost:9092 (id: -1 rack: null) disconnected
2022-08-16 17:35:47.194  WARN 24880 --- [org.springframework.kafka.KafkaListenerEndpointContainer#0-0-C-1] org.apache.kafka.clients.NetworkClient   : [Consumer clientId=consumer-NowCoder-consumer-group-1, groupId=NowCoder-consumer-group] Connection to node -1 (localhost/127.0.0.1:9092) could not be established. Broker may not be available.
2022-08-16 17:35:47.194  WARN 24880 --- [org.springframework.kafka.KafkaListenerEndpointContainer#0-0-C-1] org.apache.kafka.clients.NetworkClient   : [Consumer clientId=consumer-NowCoder-consumer-group-1, groupId=NowCoder-consumer-group] Bootstrap broker localhost:9092 (id: -1 rack: null) disconnected
2022-08-16 17:35:49.924  WARN 24880 --- [org.springframework.kafka.KafkaListenerEndpointContainer#1-0-C-1] org.apache.kafka.clients.NetworkClient   : [Consumer clientId=consumer-NowCoder-consumer-group-2, groupId=NowCoder-consumer-group] Connection to node -1 (localhost/127.0.0.1:9092) could not be established. Broker may not be available.
2022-08-16 17:35:49.924  WARN 24880 --- [org.springframework.kafka.KafkaListenerEndpointContainer#1-0-C-1] org.apache.kafka.clients.NetworkClient   : [Consumer clientId=consumer-NowCoder-consumer-group-2, groupId=NowCoder-consumer-group] Bootstrap broker localhost:9092 (id: -1 rack: null) disconnected
2022-08-16 17:35:50.351  WARN 24880 --- [org.springframework.kafka.KafkaListenerEndpointContainer#0-0-C-1] org.apache.kafka.clients.NetworkClient   : [Consumer clientId=consumer-NowCoder-consumer-group-1, groupId=NowCoder-consumer-group] Connection to node -1 (localhost/127.0.0.1:9092) could not be established. Broker may not be available.
2022-08-16 17:35:50.351  WARN 24880 --- [org.springframework.kafka.KafkaListenerEndpointContainer#0-0-C-1] org.apache.kafka.clients.NetworkClient   : [Consumer clientId=consumer-NowCoder-consumer-group-1, groupId=NowCoder-consumer-group] Bootstrap broker localhost:9092 (id: -1 rack: null) disconnected
2022-08-16 17:35:52.827  WARN 24880 --- [org.springframework.kafka.KafkaListenerEndpointContainer#1-0-C-1] org.apache.kafka.clients.NetworkClient   : [Consumer clientId=consumer-NowCoder-consumer-group-2, groupId=NowCoder-consumer-group] Connection to node -1 (localhost/127.0.0.1:9092) could not be established. Broker may not be available.
2022-08-16 17:35:52.827  WARN 24880 --- [org.springframework.kafka.KafkaListenerEndpointContainer#1-0-C-1] org.apache.kafka.clients.NetworkClient   : [Consumer clientId=consumer-NowCoder-consumer-group-2, groupId=NowCoder-consumer-group] Bootstrap broker localhost:9092 (id: -1 rack: null) disconnected
2022-08-16 17:35:53.436  WARN 24880 --- [org.springframework.kafka.KafkaListenerEndpointContainer#0-0-C-1] org.apache.kafka.clients.NetworkClient   : [Consumer clientId=consumer-NowCoder-consumer-group-1, groupId=NowCoder-consumer-group] Connection to node -1 (localhost/127.0.0.1:9092) could not be established. Broker may not be available.
2022-08-16 17:35:53.436  WARN 24880 --- [org.springframework.kafka.KafkaListenerEndpointContainer#0-0-C-1] org.apache.kafka.clients.NetworkClient   : [Consumer clientId=consumer-NowCoder-consumer-group-1, groupId=NowCoder-consumer-group] Bootstrap broker localhost:9092 (id: -1 rack: null) disconnected
2022-08-16 17:35:56.012  WARN 24880 --- [org.springframework.kafka.KafkaListenerEndpointContainer#1-0-C-1] org.apache.kafka.clients.NetworkClient   : [Consumer clientId=consumer-NowCoder-consumer-group-2, groupId=NowCoder-consumer-group] Connection to node -1 (localhost/127.0.0.1:9092) could not be established. Broker may not be available.
2022-08-16 17:35:56.012  WARN 24880 --- [org.springframework.kafka.KafkaListenerEndpointContainer#1-0-C-1] org.apache.kafka.clients.NetworkClient   : [Consumer clientId=consumer-NowCoder-consumer-group-2, groupId=NowCoder-consumer-group] Bootstrap broker localhost:9092 (id: -1 rack: null) disconnected
2022-08-16 17:35:56.637  WARN 24880 --- [org.springframework.kafka.KafkaListenerEndpointContainer#0-0-C-1] org.apache.kafka.clients.NetworkClient   : [Consumer clientId=consumer-NowCoder-consumer-group-1, groupId=NowCoder-consumer-group] Connection to node -1 (localhost/127.0.0.1:9092) could not be established. Broker may not be available.
2022-08-16 17:35:56.637  WARN 24880 --- [org.springframework.kafka.KafkaListenerEndpointContainer#0-0-C-1] org.apache.kafka.clients.NetworkClient   : [Consumer clientId=consumer-NowCoder-consumer-group-1, groupId=NowCoder-consumer-group] Bootstrap broker localhost:9092 (id: -1 rack: null) disconnected
2022-08-16 17:35:58.968  WARN 24880 --- [org.springframework.kafka.KafkaListenerEndpointContainer#1-0-C-1] org.apache.kafka.clients.NetworkClient   : [Consumer clientId=consumer-NowCoder-consumer-group-2, groupId=NowCoder-consumer-group] Connection to node -1 (localhost/127.0.0.1:9092) could not be established. Broker may not be available.
2022-08-16 17:35:58.968  WARN 24880 --- [org.springframework.kafka.KafkaListenerEndpointContainer#1-0-C-1] org.apache.kafka.clients.NetworkClient   : [Consumer clientId=consumer-NowCoder-consumer-group-2, groupId=NowCoder-consumer-group] Bootstrap broker localhost:9092 (id: -1 rack: null) disconnected
2022-08-16 17:35:59.539  WARN 24880 --- [org.springframework.kafka.KafkaListenerEndpointContainer#0-0-C-1] org.apache.kafka.clients.NetworkClient   : [Consumer clientId=consumer-NowCoder-consumer-group-1, groupId=NowCoder-consumer-group] Connection to node -1 (localhost/127.0.0.1:9092) could not be established. Broker may not be available.
2022-08-16 17:35:59.539  WARN 24880 --- [org.springframework.kafka.KafkaListenerEndpointContainer#0-0-C-1] org.apache.kafka.clients.NetworkClient   : [Consumer clientId=consumer-NowCoder-consumer-group-1, groupId=NowCoder-consumer-group] Bootstrap broker localhost:9092 (id: -1 rack: null) disconnected
2022-08-16 17:36:01.977  WARN 24880 --- [org.springframework.kafka.KafkaListenerEndpointContainer#1-0-C-1] org.apache.kafka.clients.NetworkClient   : [Consumer clientId=consumer-NowCoder-consumer-group-2, groupId=NowCoder-consumer-group] Connection to node -1 (localhost/127.0.0.1:9092) could not be established. Broker may not be available.
2022-08-16 17:36:01.977  WARN 24880 --- [org.springframework.kafka.KafkaListenerEndpointContainer#1-0-C-1] org.apache.kafka.clients.NetworkClient   : [Consumer clientId=consumer-NowCoder-consumer-group-2, groupId=NowCoder-consumer-group] Bootstrap broker localhost:9092 (id: -1 rack: null) disconnected
2022-08-16 17:36:02.543  WARN 24880 --- [org.springframework.kafka.KafkaListenerEndpointContainer#0-0-C-1] org.apache.kafka.clients.NetworkClient   : [Consumer clientId=consumer-NowCoder-consumer-group-1, groupId=NowCoder-consumer-group] Connection to node -1 (localhost/127.0.0.1:9092) could not be established. Broker may not be available.
2022-08-16 17:36:02.543  WARN 24880 --- [org.springframework.kafka.KafkaListenerEndpointContainer#0-0-C-1] org.apache.kafka.clients.NetworkClient   : [Consumer clientId=consumer-NowCoder-consumer-group-1, groupId=NowCoder-consumer-group] Bootstrap broker localhost:9092 (id: -1 rack: null) disconnected
2022-08-16 17:36:05.245  WARN 24880 --- [org.springframework.kafka.KafkaListenerEndpointContainer#1-0-C-1] org.apache.kafka.clients.NetworkClient   : [Consumer clientId=consumer-NowCoder-consumer-group-2, groupId=NowCoder-consumer-group] Connection to node -1 (localhost/127.0.0.1:9092) could not be established. Broker may not be available.
2022-08-16 17:36:05.245  WARN 24880 --- [org.springframework.kafka.KafkaListenerEndpointContainer#1-0-C-1] org.apache.kafka.clients.NetworkClient   : [Consumer clientId=consumer-NowCoder-consumer-group-2, groupId=NowCoder-consumer-group] Bootstrap broker localhost:9092 (id: -1 rack: null) disconnected
2022-08-16 17:36:05.686  WARN 24880 --- [org.springframework.kafka.KafkaListenerEndpointContainer#0-0-C-1] org.apache.kafka.clients.NetworkClient   : [Consumer clientId=consumer-NowCoder-consumer-group-1, groupId=NowCoder-consumer-group] Connection to node -1 (localhost/127.0.0.1:9092) could not be established. Broker may not be available.
2022-08-16 17:36:05.686  WARN 24880 --- [org.springframework.kafka.KafkaListenerEndpointContainer#0-0-C-1] org.apache.kafka.clients.NetworkClient   : [Consumer clientId=consumer-NowCoder-consumer-group-1, groupId=NowCoder-consumer-group] Bootstrap broker localhost:9092 (id: -1 rack: null) disconnected
2022-08-16 17:36:08.320  WARN 24880 --- [org.springframework.kafka.KafkaListenerEndpointContainer#1-0-C-1] org.apache.kafka.clients.NetworkClient   : [Consumer clientId=consumer-NowCoder-consumer-group-2, groupId=NowCoder-consumer-group] Connection to node -1 (localhost/127.0.0.1:9092) could not be established. Broker may not be available.
2022-08-16 17:36:08.320  WARN 24880 --- [org.springframework.kafka.KafkaListenerEndpointContainer#1-0-C-1] org.apache.kafka.clients.NetworkClient   : [Consumer clientId=consumer-NowCoder-consumer-group-2, groupId=NowCoder-consumer-group] Bootstrap broker localhost:9092 (id: -1 rack: null) disconnected
2022-08-16 17:36:08.588  WARN 24880 --- [org.springframework.kafka.KafkaListenerEndpointContainer#0-0-C-1] org.apache.kafka.clients.NetworkClient   : [Consumer clientId=consumer-NowCoder-consumer-group-1, groupId=NowCoder-consumer-group] Connection to node -1 (localhost/127.0.0.1:9092) could not be established. Broker may not be available.
2022-08-16 17:36:08.588  WARN 24880 --- [org.springframework.kafka.KafkaListenerEndpointContainer#0-0-C-1] org.apache.kafka.clients.NetworkClient   : [Consumer clientId=consumer-NowCoder-consumer-group-1, groupId=NowCoder-consumer-group] Bootstrap broker localhost:9092 (id: -1 rack: null) disconnected
2022-08-16 17:36:11.271  WARN 24880 --- [org.springframework.kafka.KafkaListenerEndpointContainer#1-0-C-1] org.apache.kafka.clients.NetworkClient   : [Consumer clientId=consumer-NowCoder-consumer-group-2, groupId=NowCoder-consumer-group] Connection to node -1 (localhost/127.0.0.1:9092) could not be established. Broker may not be available.
2022-08-16 17:36:11.271  WARN 24880 --- [org.springframework.kafka.KafkaListenerEndpointContainer#1-0-C-1] org.apache.kafka.clients.NetworkClient   : [Consumer clientId=consumer-NowCoder-consumer-group-2, groupId=NowCoder-consumer-group] Bootstrap broker localhost:9092 (id: -1 rack: null) disconnected
2022-08-16 17:36:11.603  WARN 24880 --- [org.springframework.kafka.KafkaListenerEndpointContainer#0-0-C-1] org.apache.kafka.clients.NetworkClient   : [Consumer clientId=consumer-NowCoder-consumer-group-1, groupId=NowCoder-consumer-group] Connection to node -1 (localhost/127.0.0.1:9092) could not be established. Broker may not be available.
2022-08-16 17:36:11.603  WARN 24880 --- [org.springframework.kafka.KafkaListenerEndpointContainer#0-0-C-1] org.apache.kafka.clients.NetworkClient   : [Consumer clientId=consumer-NowCoder-consumer-group-1, groupId=NowCoder-consumer-group] Bootstrap broker localhost:9092 (id: -1 rack: null) disconnected
2022-08-16 17:36:14.222  WARN 24880 --- [org.springframework.kafka.KafkaListenerEndpointContainer#1-0-C-1] org.apache.kafka.clients.NetworkClient   : [Consumer clientId=consumer-NowCoder-consumer-group-2, groupId=NowCoder-consumer-group] Connection to node -1 (localhost/127.0.0.1:9092) could not be established. Broker may not be available.
2022-08-16 17:36:14.222  WARN 24880 --- [org.springframework.kafka.KafkaListenerEndpointContainer#1-0-C-1] org.apache.kafka.clients.NetworkClient   : [Consumer clientId=consumer-NowCoder-consumer-group-2, groupId=NowCoder-consumer-group] Bootstrap broker localhost:9092 (id: -1 rack: null) disconnected
2022-08-16 17:36:14.699  WARN 24880 --- [org.springframework.kafka.KafkaListenerEndpointContainer#0-0-C-1] org.apache.kafka.clients.NetworkClient   : [Consumer clientId=consumer-NowCoder-consumer-group-1, groupId=NowCoder-consumer-group] Connection to node -1 (localhost/127.0.0.1:9092) could not be established. Broker may not be available.
2022-08-16 17:36:14.699  WARN 24880 --- [org.springframework.kafka.KafkaListenerEndpointContainer#0-0-C-1] org.apache.kafka.clients.NetworkClient   : [Consumer clientId=consumer-NowCoder-consumer-group-1, groupId=NowCoder-consumer-group] Bootstrap broker localhost:9092 (id: -1 rack: null) disconnected
2022-08-16 17:36:17.429  WARN 24880 --- [org.springframework.kafka.KafkaListenerEndpointContainer#1-0-C-1] org.apache.kafka.clients.NetworkClient   : [Consumer clientId=consumer-NowCoder-consumer-group-2, groupId=NowCoder-consumer-group] Connection to node -1 (localhost/127.0.0.1:9092) could not be established. Broker may not be available.
2022-08-16 17:36:17.429  WARN 24880 --- [org.springframework.kafka.KafkaListenerEndpointContainer#1-0-C-1] org.apache.kafka.clients.NetworkClient   : [Consumer clientId=consumer-NowCoder-consumer-group-2, groupId=NowCoder-consumer-group] Bootstrap broker localhost:9092 (id: -1 rack: null) disconnected
2022-08-16 17:36:17.714  WARN 24880 --- [org.springframework.kafka.KafkaListenerEndpointContainer#0-0-C-1] org.apache.kafka.clients.NetworkClient   : [Consumer clientId=consumer-NowCoder-consumer-group-1, groupId=NowCoder-consumer-group] Connection to node -1 (localhost/127.0.0.1:9092) could not be established. Broker may not be available.
2022-08-16 17:36:17.714  WARN 24880 --- [org.springframework.kafka.KafkaListenerEndpointContainer#0-0-C-1] org.apache.kafka.clients.NetworkClient   : [Consumer clientId=consumer-NowCoder-consumer-group-1, groupId=NowCoder-consumer-group] Bootstrap broker localhost:9092 (id: -1 rack: null) disconnected
2022-08-16 17:36:20.322  WARN 24880 --- [org.springframework.kafka.KafkaListenerEndpointContainer#1-0-C-1] org.apache.kafka.clients.NetworkClient   : [Consumer clientId=consumer-NowCoder-consumer-group-2, groupId=NowCoder-consumer-group] Connection to node -1 (localhost/127.0.0.1:9092) could not be established. Broker may not be available.
2022-08-16 17:36:20.322  WARN 24880 --- [org.springframework.kafka.KafkaListenerEndpointContainer#1-0-C-1] org.apache.kafka.clients.NetworkClient   : [Consumer clientId=consumer-NowCoder-consumer-group-2, groupId=NowCoder-consumer-group] Bootstrap broker localhost:9092 (id: -1 rack: null) disconnected
2022-08-16 17:36:20.669  WARN 24880 --- [org.springframework.kafka.KafkaListenerEndpointContainer#0-0-C-1] org.apache.kafka.clients.NetworkClient   : [Consumer clientId=consumer-NowCoder-consumer-group-1, groupId=NowCoder-consumer-group] Connection to node -1 (localhost/127.0.0.1:9092) could not be established. Broker may not be available.
2022-08-16 17:36:20.669  WARN 24880 --- [org.springframework.kafka.KafkaListenerEndpointContainer#0-0-C-1] org.apache.kafka.clients.NetworkClient   : [Consumer clientId=consumer-NowCoder-consumer-group-1, groupId=NowCoder-consumer-group] Bootstrap broker localhost:9092 (id: -1 rack: null) disconnected
2022-08-16 17:36:23.586  WARN 24880 --- [org.springframework.kafka.KafkaListenerEndpointContainer#1-0-C-1] org.apache.kafka.clients.NetworkClient   : [Consumer clientId=consumer-NowCoder-consumer-group-2, groupId=NowCoder-consumer-group] Connection to node -1 (localhost/127.0.0.1:9092) could not be established. Broker may not be available.
2022-08-16 17:36:23.586  WARN 24880 --- [org.springframework.kafka.KafkaListenerEndpointContainer#1-0-C-1] org.apache.kafka.clients.NetworkClient   : [Consumer clientId=consumer-NowCoder-consumer-group-2, groupId=NowCoder-consumer-group] Bootstrap broker localhost:9092 (id: -1 rack: null) disconnected
2022-08-16 17:36:23.729  WARN 24880 --- [org.springframework.kafka.KafkaListenerEndpointContainer#0-0-C-1] org.apache.kafka.clients.NetworkClient   : [Consumer clientId=consumer-NowCoder-consumer-group-1, groupId=NowCoder-consumer-group] Connection to node -1 (localhost/127.0.0.1:9092) could not be established. Broker may not be available.
2022-08-16 17:36:23.729  WARN 24880 --- [org.springframework.kafka.KafkaListenerEndpointContainer#0-0-C-1] org.apache.kafka.clients.NetworkClient   : [Consumer clientId=consumer-NowCoder-consumer-group-1, groupId=NowCoder-consumer-group] Bootstrap broker localhost:9092 (id: -1 rack: null) disconnected
2022-08-16 17:36:26.408  WARN 24880 --- [org.springframework.kafka.KafkaListenerEndpointContainer#1-0-C-1] org.apache.kafka.clients.NetworkClient   : [Consumer clientId=consumer-NowCoder-consumer-group-2, groupId=NowCoder-consumer-group] Connection to node -1 (localhost/127.0.0.1:9092) could not be established. Broker may not be available.
2022-08-16 17:36:26.408  WARN 24880 --- [org.springframework.kafka.KafkaListenerEndpointContainer#1-0-C-1] org.apache.kafka.clients.NetworkClient   : [Consumer clientId=consumer-NowCoder-consumer-group-2, groupId=NowCoder-consumer-group] Bootstrap broker localhost:9092 (id: -1 rack: null) disconnected
2022-08-16 17:36:26.929  WARN 24880 --- [org.springframework.kafka.KafkaListenerEndpointContainer#0-0-C-1] org.apache.kafka.clients.NetworkClient   : [Consumer clientId=consumer-NowCoder-consumer-group-1, groupId=NowCoder-consumer-group] Connection to node -1 (localhost/127.0.0.1:9092) could not be established. Broker may not be available.
2022-08-16 17:36:26.929  WARN 24880 --- [org.springframework.kafka.KafkaListenerEndpointContainer#0-0-C-1] org.apache.kafka.clients.NetworkClient   : [Consumer clientId=consumer-NowCoder-consumer-group-1, groupId=NowCoder-consumer-group] Bootstrap broker localhost:9092 (id: -1 rack: null) disconnected
2022-08-16 17:36:29.415  WARN 24880 --- [org.springframework.kafka.KafkaListenerEndpointContainer#1-0-C-1] org.apache.kafka.clients.NetworkClient   : [Consumer clientId=consumer-NowCoder-consumer-group-2, groupId=NowCoder-consumer-group] Connection to node -1 (localhost/127.0.0.1:9092) could not be established. Broker may not be available.
2022-08-16 17:36:29.415  WARN 24880 --- [org.springframework.kafka.KafkaListenerEndpointContainer#1-0-C-1] org.apache.kafka.clients.NetworkClient   : [Consumer clientId=consumer-NowCoder-consumer-group-2, groupId=NowCoder-consumer-group] Bootstrap broker localhost:9092 (id: -1 rack: null) disconnected
2022-08-16 17:36:30.121  WARN 24880 --- [org.springframework.kafka.KafkaListenerEndpointContainer#0-0-C-1] org.apache.kafka.clients.NetworkClient   : [Consumer clientId=consumer-NowCoder-consumer-group-1, groupId=NowCoder-consumer-group] Connection to node -1 (localhost/127.0.0.1:9092) could not be established. Broker may not be available.
2022-08-16 17:36:30.121  WARN 24880 --- [org.springframework.kafka.KafkaListenerEndpointContainer#0-0-C-1] org.apache.kafka.clients.NetworkClient   : [Consumer clientId=consumer-NowCoder-consumer-group-1, groupId=NowCoder-consumer-group] Bootstrap broker localhost:9092 (id: -1 rack: null) disconnected
2022-08-16 17:36:32.555  WARN 24880 --- [org.springframework.kafka.KafkaListenerEndpointContainer#1-0-C-1] org.apache.kafka.clients.NetworkClient   : [Consumer clientId=consumer-NowCoder-consumer-group-2, groupId=NowCoder-consumer-group] Connection to node -1 (localhost/127.0.0.1:9092) could not be established. Broker may not be available.
2022-08-16 17:36:32.555  WARN 24880 --- [org.springframework.kafka.KafkaListenerEndpointContainer#1-0-C-1] org.apache.kafka.clients.NetworkClient   : [Consumer clientId=consumer-NowCoder-consumer-group-2, groupId=NowCoder-consumer-group] Bootstrap broker localhost:9092 (id: -1 rack: null) disconnected
2022-08-16 17:36:33.045  WARN 24880 --- [org.springframework.kafka.KafkaListenerEndpointContainer#0-0-C-1] org.apache.kafka.clients.NetworkClient   : [Consumer clientId=consumer-NowCoder-consumer-group-1, groupId=NowCoder-consumer-group] Connection to node -1 (localhost/127.0.0.1:9092) could not be established. Broker may not be available.
2022-08-16 17:36:33.045  WARN 24880 --- [org.springframework.kafka.KafkaListenerEndpointContainer#0-0-C-1] org.apache.kafka.clients.NetworkClient   : [Consumer clientId=consumer-NowCoder-consumer-group-1, groupId=NowCoder-consumer-group] Bootstrap broker localhost:9092 (id: -1 rack: null) disconnected
2022-08-16 17:36:35.507  WARN 24880 --- [org.springframework.kafka.KafkaListenerEndpointContainer#1-0-C-1] org.apache.kafka.clients.NetworkClient   : [Consumer clientId=consumer-NowCoder-consumer-group-2, groupId=NowCoder-consumer-group] Connection to node -1 (localhost/127.0.0.1:9092) could not be established. Broker may not be available.
2022-08-16 17:36:35.507  WARN 24880 --- [org.springframework.kafka.KafkaListenerEndpointContainer#1-0-C-1] org.apache.kafka.clients.NetworkClient   : [Consumer clientId=consumer-NowCoder-consumer-group-2, groupId=NowCoder-consumer-group] Bootstrap broker localhost:9092 (id: -1 rack: null) disconnected
2022-08-16 17:36:36.119  WARN 24880 --- [org.springframework.kafka.KafkaListenerEndpointContainer#0-0-C-1] org.apache.kafka.clients.NetworkClient   : [Consumer clientId=consumer-NowCoder-consumer-group-1, groupId=NowCoder-consumer-group] Connection to node -1 (localhost/127.0.0.1:9092) could not be established. Broker may not be available.
2022-08-16 17:36:36.119  WARN 24880 --- [org.springframework.kafka.KafkaListenerEndpointContainer#0-0-C-1] org.apache.kafka.clients.NetworkClient   : [Consumer clientId=consumer-NowCoder-consumer-group-1, groupId=NowCoder-consumer-group] Bootstrap broker localhost:9092 (id: -1 rack: null) disconnected
2022-08-16 17:36:38.649  WARN 24880 --- [org.springframework.kafka.KafkaListenerEndpointContainer#1-0-C-1] org.apache.kafka.clients.NetworkClient   : [Consumer clientId=consumer-NowCoder-consumer-group-2, groupId=NowCoder-consumer-group] Connection to node -1 (localhost/127.0.0.1:9092) could not be established. Broker may not be available.
2022-08-16 17:36:38.649  WARN 24880 --- [org.springframework.kafka.KafkaListenerEndpointContainer#1-0-C-1] org.apache.kafka.clients.NetworkClient   : [Consumer clientId=consumer-NowCoder-consumer-group-2, groupId=NowCoder-consumer-group] Bootstrap broker localhost:9092 (id: -1 rack: null) disconnected
2022-08-16 17:36:38.996  WARN 24880 --- [org.springframework.kafka.KafkaListenerEndpointContainer#0-0-C-1] org.apache.kafka.clients.NetworkClient   : [Consumer clientId=consumer-NowCoder-consumer-group-1, groupId=NowCoder-consumer-group] Connection to node -1 (localhost/127.0.0.1:9092) could not be established. Broker may not be available.
2022-08-16 17:36:38.996  WARN 24880 --- [org.springframework.kafka.KafkaListenerEndpointContainer#0-0-C-1] org.apache.kafka.clients.NetworkClient   : [Consumer clientId=consumer-NowCoder-consumer-group-1, groupId=NowCoder-consumer-group] Bootstrap broker localhost:9092 (id: -1 rack: null) disconnected
2022-08-16 17:36:41.840  WARN 24880 --- [org.springframework.kafka.KafkaListenerEndpointContainer#1-0-C-1] org.apache.kafka.clients.NetworkClient   : [Consumer clientId=consumer-NowCoder-consumer-group-2, groupId=NowCoder-consumer-group] Connection to node -1 (localhost/127.0.0.1:9092) could not be established. Broker may not be available.
2022-08-16 17:36:41.840  WARN 24880 --- [org.springframework.kafka.KafkaListenerEndpointContainer#1-0-C-1] org.apache.kafka.clients.NetworkClient   : [Consumer clientId=consumer-NowCoder-consumer-group-2, groupId=NowCoder-consumer-group] Bootstrap broker localhost:9092 (id: -1 rack: null) disconnected
2022-08-16 17:36:41.996  WARN 24880 --- [org.springframework.kafka.KafkaListenerEndpointContainer#0-0-C-1] org.apache.kafka.clients.NetworkClient   : [Consumer clientId=consumer-NowCoder-consumer-group-1, groupId=NowCoder-consumer-group] Connection to node -1 (localhost/127.0.0.1:9092) could not be established. Broker may not be available.
2022-08-16 17:36:41.996  WARN 24880 --- [org.springframework.kafka.KafkaListenerEndpointContainer#0-0-C-1] org.apache.kafka.clients.NetworkClient   : [Consumer clientId=consumer-NowCoder-consumer-group-1, groupId=NowCoder-consumer-group] Bootstrap broker localhost:9092 (id: -1 rack: null) disconnected
2022-08-16 17:36:44.790  WARN 24880 --- [org.springframework.kafka.KafkaListenerEndpointContainer#1-0-C-1] org.apache.kafka.clients.NetworkClient   : [Consumer clientId=consumer-NowCoder-consumer-group-2, groupId=NowCoder-consumer-group] Connection to node -1 (localhost/127.0.0.1:9092) could not be established. Broker may not be available.
2022-08-16 17:36:44.790  WARN 24880 --- [org.springframework.kafka.KafkaListenerEndpointContainer#1-0-C-1] org.apache.kafka.clients.NetworkClient   : [Consumer clientId=consumer-NowCoder-consumer-group-2, groupId=NowCoder-consumer-group] Bootstrap broker localhost:9092 (id: -1 rack: null) disconnected
2022-08-16 17:36:45.058  WARN 24880 --- [org.springframework.kafka.KafkaListenerEndpointContainer#0-0-C-1] org.apache.kafka.clients.NetworkClient   : [Consumer clientId=consumer-NowCoder-consumer-group-1, groupId=NowCoder-consumer-group] Connection to node -1 (localhost/127.0.0.1:9092) could not be established. Broker may not be available.
2022-08-16 17:36:45.058  WARN 24880 --- [org.springframework.kafka.KafkaListenerEndpointContainer#0-0-C-1] org.apache.kafka.clients.NetworkClient   : [Consumer clientId=consumer-NowCoder-consumer-group-1, groupId=NowCoder-consumer-group] Bootstrap broker localhost:9092 (id: -1 rack: null) disconnected
2022-08-16 17:36:47.995  WARN 24880 --- [org.springframework.kafka.KafkaListenerEndpointContainer#1-0-C-1] org.apache.kafka.clients.NetworkClient   : [Consumer clientId=consumer-NowCoder-consumer-group-2, groupId=NowCoder-consumer-group] Connection to node -1 (localhost/127.0.0.1:9092) could not be established. Broker may not be available.
2022-08-16 17:36:47.995  WARN 24880 --- [org.springframework.kafka.KafkaListenerEndpointContainer#1-0-C-1] org.apache.kafka.clients.NetworkClient   : [Consumer clientId=consumer-NowCoder-consumer-group-2, groupId=NowCoder-consumer-group] Bootstrap broker localhost:9092 (id: -1 rack: null) disconnected
2022-08-16 17:36:48.058  WARN 24880 --- [org.springframework.kafka.KafkaListenerEndpointContainer#0-0-C-1] org.apache.kafka.clients.NetworkClient   : [Consumer clientId=consumer-NowCoder-consumer-group-1, groupId=NowCoder-consumer-group] Connection to node -1 (localhost/127.0.0.1:9092) could not be established. Broker may not be available.
2022-08-16 17:36:48.058  WARN 24880 --- [org.springframework.kafka.KafkaListenerEndpointContainer#0-0-C-1] org.apache.kafka.clients.NetworkClient   : [Consumer clientId=consumer-NowCoder-consumer-group-1, groupId=NowCoder-consumer-group] Bootstrap broker localhost:9092 (id: -1 rack: null) disconnected
2022-08-16 17:36:50.877  WARN 24880 --- [org.springframework.kafka.KafkaListenerEndpointContainer#1-0-C-1] org.apache.kafka.clients.NetworkClient   : [Consumer clientId=consumer-NowCoder-consumer-group-2, groupId=NowCoder-consumer-group] Connection to node -1 (localhost/127.0.0.1:9092) could not be established. Broker may not be available.
2022-08-16 17:36:50.877  WARN 24880 --- [org.springframework.kafka.KafkaListenerEndpointContainer#1-0-C-1] org.apache.kafka.clients.NetworkClient   : [Consumer clientId=consumer-NowCoder-consumer-group-2, groupId=NowCoder-consumer-group] Bootstrap broker localhost:9092 (id: -1 rack: null) disconnected
2022-08-16 17:36:50.938  WARN 24880 --- [org.springframework.kafka.KafkaListenerEndpointContainer#0-0-C-1] org.apache.kafka.clients.NetworkClient   : [Consumer clientId=consumer-NowCoder-consumer-group-1, groupId=NowCoder-consumer-group] Connection to node -1 (localhost/127.0.0.1:9092) could not be established. Broker may not be available.
2022-08-16 17:36:50.938  WARN 24880 --- [org.springframework.kafka.KafkaListenerEndpointContainer#0-0-C-1] org.apache.kafka.clients.NetworkClient   : [Consumer clientId=consumer-NowCoder-consumer-group-1, groupId=NowCoder-consumer-group] Bootstrap broker localhost:9092 (id: -1 rack: null) disconnected
2022-08-16 17:36:51.218  INFO 24880 --- [http-nio-8080-exec-2] o.a.c.c.C.[.[localhost].[/community]     : Initializing Spring DispatcherServlet 'dispatcherServlet'
2022-08-16 17:36:51.218  INFO 24880 --- [http-nio-8080-exec-2] o.s.web.servlet.DispatcherServlet        : Initializing Servlet 'dispatcherServlet'
2022-08-16 17:36:51.223  INFO 24880 --- [http-nio-8080-exec-2] o.s.web.servlet.DispatcherServlet        : Completed initialization in 5 ms
2022-08-16 17:36:54.090  WARN 24880 --- [org.springframework.kafka.KafkaListenerEndpointContainer#1-0-C-1] org.apache.kafka.clients.NetworkClient   : [Consumer clientId=consumer-NowCoder-consumer-group-2, groupId=NowCoder-consumer-group] Connection to node -1 (localhost/127.0.0.1:9092) could not be established. Broker may not be available.
2022-08-16 17:36:54.090  WARN 24880 --- [org.springframework.kafka.KafkaListenerEndpointContainer#1-0-C-1] org.apache.kafka.clients.NetworkClient   : [Consumer clientId=consumer-NowCoder-consumer-group-2, groupId=NowCoder-consumer-group] Bootstrap broker localhost:9092 (id: -1 rack: null) disconnected
2022-08-16 17:36:54.152  WARN 24880 --- [org.springframework.kafka.KafkaListenerEndpointContainer#0-0-C-1] org.apache.kafka.clients.NetworkClient   : [Consumer clientId=consumer-NowCoder-consumer-group-1, groupId=NowCoder-consumer-group] Connection to node -1 (localhost/127.0.0.1:9092) could not be established. Broker may not be available.
2022-08-16 17:36:54.152  WARN 24880 --- [org.springframework.kafka.KafkaListenerEndpointContainer#0-0-C-1] org.apache.kafka.clients.NetworkClient   : [Consumer clientId=consumer-NowCoder-consumer-group-1, groupId=NowCoder-consumer-group] Bootstrap broker localhost:9092 (id: -1 rack: null) disconnected
2022-08-16 17:36:57.024  WARN 24880 --- [org.springframework.kafka.KafkaListenerEndpointContainer#1-0-C-1] org.apache.kafka.clients.NetworkClient   : [Consumer clientId=consumer-NowCoder-consumer-group-2, groupId=NowCoder-consumer-group] Connection to node -1 (localhost/127.0.0.1:9092) could not be established. Broker may not be available.
2022-08-16 17:36:57.024  WARN 24880 --- [org.springframework.kafka.KafkaListenerEndpointContainer#1-0-C-1] org.apache.kafka.clients.NetworkClient   : [Consumer clientId=consumer-NowCoder-consumer-group-2, groupId=NowCoder-consumer-group] Bootstrap broker localhost:9092 (id: -1 rack: null) disconnected
2022-08-16 17:36:57.163  WARN 24880 --- [org.springframework.kafka.KafkaListenerEndpointContainer#0-0-C-1] org.apache.kafka.clients.NetworkClient   : [Consumer clientId=consumer-NowCoder-consumer-group-1, groupId=NowCoder-consumer-group] Connection to node -1 (localhost/127.0.0.1:9092) could not be established. Broker may not be available.
2022-08-16 17:36:57.163  WARN 24880 --- [org.springframework.kafka.KafkaListenerEndpointContainer#0-0-C-1] org.apache.kafka.clients.NetworkClient   : [Consumer clientId=consumer-NowCoder-consumer-group-1, groupId=NowCoder-consumer-group] Bootstrap broker localhost:9092 (id: -1 rack: null) disconnected
2022-08-16 17:37:00.223  WARN 24880 --- [org.springframework.kafka.KafkaListenerEndpointContainer#1-0-C-1] org.apache.kafka.clients.NetworkClient   : [Consumer clientId=consumer-NowCoder-consumer-group-2, groupId=NowCoder-consumer-group] Connection to node -1 (localhost/127.0.0.1:9092) could not be established. Broker may not be available.
2022-08-16 17:37:00.223  WARN 24880 --- [org.springframework.kafka.KafkaListenerEndpointContainer#1-0-C-1] org.apache.kafka.clients.NetworkClient   : [Consumer clientId=consumer-NowCoder-consumer-group-2, groupId=NowCoder-consumer-group] Bootstrap broker localhost:9092 (id: -1 rack: null) disconnected
2022-08-16 17:37:00.302  WARN 24880 --- [org.springframework.kafka.KafkaListenerEndpointContainer#0-0-C-1] org.apache.kafka.clients.NetworkClient   : [Consumer clientId=consumer-NowCoder-consumer-group-1, groupId=NowCoder-consumer-group] Connection to node -1 (localhost/127.0.0.1:9092) could not be established. Broker may not be available.
2022-08-16 17:37:00.302  WARN 24880 --- [org.springframework.kafka.KafkaListenerEndpointContainer#0-0-C-1] org.apache.kafka.clients.NetworkClient   : [Consumer clientId=consumer-NowCoder-consumer-group-1, groupId=NowCoder-consumer-group] Bootstrap broker localhost:9092 (id: -1 rack: null) disconnected
2022-08-16 17:37:03.319  WARN 24880 --- [org.springframework.kafka.KafkaListenerEndpointContainer#1-0-C-1] org.apache.kafka.clients.NetworkClient   : [Consumer clientId=consumer-NowCoder-consumer-group-2, groupId=NowCoder-consumer-group] Connection to node -1 (localhost/127.0.0.1:9092) could not be established. Broker may not be available.
2022-08-16 17:37:03.319  WARN 24880 --- [org.springframework.kafka.KafkaListenerEndpointContainer#1-0-C-1] org.apache.kafka.clients.NetworkClient   : [Consumer clientId=consumer-NowCoder-consumer-group-2, groupId=NowCoder-consumer-group] Bootstrap broker localhost:9092 (id: -1 rack: null) disconnected
2022-08-16 17:37:03.542  WARN 24880 --- [org.springframework.kafka.KafkaListenerEndpointContainer#0-0-C-1] org.apache.kafka.clients.NetworkClient   : [Consumer clientId=consumer-NowCoder-consumer-group-1, groupId=NowCoder-consumer-group] Connection to node -1 (localhost/127.0.0.1:9092) could not be established. Broker may not be available.
2022-08-16 17:37:03.542  WARN 24880 --- [org.springframework.kafka.KafkaListenerEndpointContainer#0-0-C-1] org.apache.kafka.clients.NetworkClient   : [Consumer clientId=consumer-NowCoder-consumer-group-1, groupId=NowCoder-consumer-group] Bootstrap broker localhost:9092 (id: -1 rack: null) disconnected
2022-08-16 17:37:06.340  WARN 24880 --- [org.springframework.kafka.KafkaListenerEndpointContainer#1-0-C-1] org.apache.kafka.clients.NetworkClient   : [Consumer clientId=consumer-NowCoder-consumer-group-2, groupId=NowCoder-consumer-group] Connection to node -1 (localhost/127.0.0.1:9092) could not be established. Broker may not be available.
2022-08-16 17:37:06.340  WARN 24880 --- [org.springframework.kafka.KafkaListenerEndpointContainer#1-0-C-1] org.apache.kafka.clients.NetworkClient   : [Consumer clientId=consumer-NowCoder-consumer-group-2, groupId=NowCoder-consumer-group] Bootstrap broker localhost:9092 (id: -1 rack: null) disconnected
2022-08-16 17:37:06.545  WARN 24880 --- [org.springframework.kafka.KafkaListenerEndpointContainer#0-0-C-1] org.apache.kafka.clients.NetworkClient   : [Consumer clientId=consumer-NowCoder-consumer-group-1, groupId=NowCoder-consumer-group] Connection to node -1 (localhost/127.0.0.1:9092) could not be established. Broker may not be available.
2022-08-16 17:37:06.545  WARN 24880 --- [org.springframework.kafka.KafkaListenerEndpointContainer#0-0-C-1] org.apache.kafka.clients.NetworkClient   : [Consumer clientId=consumer-NowCoder-consumer-group-1, groupId=NowCoder-consumer-group] Bootstrap broker localhost:9092 (id: -1 rack: null) disconnected
2022-08-16 17:37:09.295  WARN 24880 --- [org.springframework.kafka.KafkaListenerEndpointContainer#1-0-C-1] org.apache.kafka.clients.NetworkClient   : [Consumer clientId=consumer-NowCoder-consumer-group-2, groupId=NowCoder-consumer-group] Connection to node -1 (localhost/127.0.0.1:9092) could not be established. Broker may not be available.
2022-08-16 17:37:09.295  WARN 24880 --- [org.springframework.kafka.KafkaListenerEndpointContainer#1-0-C-1] org.apache.kafka.clients.NetworkClient   : [Consumer clientId=consumer-NowCoder-consumer-group-2, groupId=NowCoder-consumer-group] Bootstrap broker localhost:9092 (id: -1 rack: null) disconnected
2022-08-16 17:37:09.421  WARN 24880 --- [org.springframework.kafka.KafkaListenerEndpointContainer#0-0-C-1] org.apache.kafka.clients.NetworkClient   : [Consumer clientId=consumer-NowCoder-consumer-group-1, groupId=NowCoder-consumer-group] Connection to node -1 (localhost/127.0.0.1:9092) could not be established. Broker may not be available.
2022-08-16 17:37:09.421  WARN 24880 --- [org.springframework.kafka.KafkaListenerEndpointContainer#0-0-C-1] org.apache.kafka.clients.NetworkClient   : [Consumer clientId=consumer-NowCoder-consumer-group-1, groupId=NowCoder-consumer-group] Bootstrap broker localhost:9092 (id: -1 rack: null) disconnected
2022-08-16 17:37:12.377  WARN 24880 --- [org.springframework.kafka.KafkaListenerEndpointContainer#0-0-C-1] org.apache.kafka.clients.NetworkClient   : [Consumer clientId=consumer-NowCoder-consumer-group-1, groupId=NowCoder-consumer-group] Connection to node -1 (localhost/127.0.0.1:9092) could not be established. Broker may not be available.
2022-08-16 17:37:12.377  WARN 24880 --- [org.springframework.kafka.KafkaListenerEndpointContainer#1-0-C-1] org.apache.kafka.clients.NetworkClient   : [Consumer clientId=consumer-NowCoder-consumer-group-2, groupId=NowCoder-consumer-group] Connection to node -1 (localhost/127.0.0.1:9092) could not be established. Broker may not be available.
2022-08-16 17:37:12.377  WARN 24880 --- [org.springframework.kafka.KafkaListenerEndpointContainer#0-0-C-1] org.apache.kafka.clients.NetworkClient   : [Consumer clientId=consumer-NowCoder-consumer-group-1, groupId=NowCoder-consumer-group] Bootstrap broker localhost:9092 (id: -1 rack: null) disconnected
2022-08-16 17:37:12.377  WARN 24880 --- [org.springframework.kafka.KafkaListenerEndpointContainer#1-0-C-1] org.apache.kafka.clients.NetworkClient   : [Consumer clientId=consumer-NowCoder-consumer-group-2, groupId=NowCoder-consumer-group] Bootstrap broker localhost:9092 (id: -1 rack: null) disconnected
2022-08-16 17:37:15.380  WARN 24880 --- [org.springframework.kafka.KafkaListenerEndpointContainer#1-0-C-1] org.apache.kafka.clients.NetworkClient   : [Consumer clientId=consumer-NowCoder-consumer-group-2, groupId=NowCoder-consumer-group] Connection to node -1 (localhost/127.0.0.1:9092) could not be established. Broker may not be available.
2022-08-16 17:37:15.380  WARN 24880 --- [org.springframework.kafka.KafkaListenerEndpointContainer#1-0-C-1] org.apache.kafka.clients.NetworkClient   : [Consumer clientId=consumer-NowCoder-consumer-group-2, groupId=NowCoder-consumer-group] Bootstrap broker localhost:9092 (id: -1 rack: null) disconnected
2022-08-16 17:37:15.523  WARN 24880 --- [org.springframework.kafka.KafkaListenerEndpointContainer#0-0-C-1] org.apache.kafka.clients.NetworkClient   : [Consumer clientId=consumer-NowCoder-consumer-group-1, groupId=NowCoder-consumer-group] Connection to node -1 (localhost/127.0.0.1:9092) could not be established. Broker may not be available.
2022-08-16 17:37:15.523  WARN 24880 --- [org.springframework.kafka.KafkaListenerEndpointContainer#0-0-C-1] org.apache.kafka.clients.NetworkClient   : [Consumer clientId=consumer-NowCoder-consumer-group-1, groupId=NowCoder-consumer-group] Bootstrap broker localhost:9092 (id: -1 rack: null) disconnected
2022-08-16 17:37:17.418  INFO 24880 --- [SpringContextShutdownHook] org.quartz.core.QuartzScheduler          : Scheduler quartzScheduler_$_NON_CLUSTERED paused.
2022-08-16 17:37:17.543  INFO 24880 --- [org.springframework.kafka.KafkaListenerEndpointContainer#0-0-C-1] o.a.k.clients.consumer.KafkaConsumer     : [Consumer clientId=consumer-NowCoder-consumer-group-1, groupId=NowCoder-consumer-group] Unsubscribed all topics or patterns and assigned partitions
2022-08-16 17:37:17.543  INFO 24880 --- [org.springframework.kafka.KafkaListenerEndpointContainer#1-0-C-1] o.a.k.clients.consumer.KafkaConsumer     : [Consumer clientId=consumer-NowCoder-consumer-group-2, groupId=NowCoder-consumer-group] Unsubscribed all topics or patterns and assigned partitions
2022-08-16 17:37:17.543  INFO 24880 --- [org.springframework.kafka.KafkaListenerEndpointContainer#0-0-C-1] o.s.s.c.ThreadPoolTaskScheduler          : Shutting down ExecutorService
2022-08-16 17:37:17.543  INFO 24880 --- [org.springframework.kafka.KafkaListenerEndpointContainer#1-0-C-1] o.s.s.c.ThreadPoolTaskScheduler          : Shutting down ExecutorService
2022-08-16 17:37:17.546  INFO 24880 --- [org.springframework.kafka.KafkaListenerEndpointContainer#0-0-C-1] essageListenerContainer$ListenerConsumer : NowCoder-consumer-group: Consumer stopped
2022-08-16 17:37:17.546  INFO 24880 --- [org.springframework.kafka.KafkaListenerEndpointContainer#1-0-C-1] essageListenerContainer$ListenerConsumer : NowCoder-consumer-group: Consumer stopped
2022-08-16 17:37:17.548  INFO 24880 --- [SpringContextShutdownHook] o.s.s.quartz.SchedulerFactoryBean        : Shutting down Quartz Scheduler
2022-08-16 17:37:17.548  INFO 24880 --- [SpringContextShutdownHook] org.quartz.core.QuartzScheduler          : Scheduler quartzScheduler_$_NON_CLUSTERED shutting down.
2022-08-16 17:37:17.548  INFO 24880 --- [SpringContextShutdownHook] org.quartz.core.QuartzScheduler          : Scheduler quartzScheduler_$_NON_CLUSTERED paused.
2022-08-16 17:37:17.549  INFO 24880 --- [SpringContextShutdownHook] org.quartz.core.QuartzScheduler          : Scheduler quartzScheduler_$_NON_CLUSTERED shutdown complete.
2022-08-16 17:37:17.549  INFO 24880 --- [SpringContextShutdownHook] o.s.s.concurrent.ThreadPoolTaskExecutor  : Shutting down ExecutorService 'applicationTaskExecutor'
